{"C:\\Users\\Kun\\projects\\node-example\\lib\\builders\\query.js":{"path":"C:\\Users\\Kun\\projects\\node-example\\lib\\builders\\query.js","s":{"1":1,"2":1,"3":1,"4":1,"5":5,"6":1,"7":2,"8":1,"9":2},"b":{},"f":{"1":5,"2":2,"3":2},"fnMap":{"1":{"name":"readData","line":5,"loc":{"start":{"line":5,"column":19},"end":{"line":5,"column":47}}},"2":{"name":"findById","line":9,"loc":{"start":{"line":9,"column":19},"end":{"line":9,"column":41}}},"3":{"name":"findAll","line":13,"loc":{"start":{"line":13,"column":18},"end":{"line":13,"column":37}}}},"statementMap":{"1":{"start":{"line":1,"column":0},"end":{"line":1,"column":23}},"2":{"start":{"line":2,"column":0},"end":{"line":2,"column":31}},"3":{"start":{"line":3,"column":0},"end":{"line":3,"column":40}},"4":{"start":{"line":5,"column":0},"end":{"line":7,"column":2}},"5":{"start":{"line":6,"column":2},"end":{"line":6,"column":55}},"6":{"start":{"line":9,"column":0},"end":{"line":11,"column":2}},"7":{"start":{"line":10,"column":2},"end":{"line":10,"column":53}},"8":{"start":{"line":13,"column":0},"end":{"line":15,"column":2}},"9":{"start":{"line":14,"column":2},"end":{"line":14,"column":29}}},"branchMap":{}}}